Hugr {
    graph: MultiPortGraph {
        graph: PortGraph {
            nodes: {
                NodeIndex(0): Node {
                    inputs: [],
                    outputs: [],
                },
                NodeIndex(1): Node {
                    inputs: [],
                    outputs: PortIndex(0)..PortIndex(5),
                },
                NodeIndex(2): Node {
                    inputs: PortIndex(5)..PortIndex(10),
                    outputs: [],
                },
                NodeIndex(3): Node {
                    inputs: PortIndex(10)..PortIndex(13),
                    outputs: PortIndex(13)..PortIndex(16),
                },
                NodeIndex(4): Node {
                    inputs: PortIndex(16)..PortIndex(18),
                    outputs: PortIndex(18)..PortIndex(20),
                },
                NodeIndex(6): Node {
                    inputs: PortIndex(26)..PortIndex(28),
                    outputs: PortIndex(28)..PortIndex(30),
                },
                NodeIndex(7): Node {
                    inputs: PortIndex(30)..PortIndex(33),
                    outputs: PortIndex(33)..PortIndex(36),
                },
                NodeIndex(8): Node {
                    inputs: PortIndex(36)..PortIndex(38),
                    outputs: PortIndex(38)..PortIndex(40),
                },
                NodeIndex(9): Node {
                    inputs: PortIndex(40)..PortIndex(42),
                    outputs: PortIndex(42)..PortIndex(44),
                },
                NodeIndex(11): Node {
                    inputs: PortIndex(50)..PortIndex(52),
                    outputs: PortIndex(52)..PortIndex(54),
                },
                NodeIndex(12): Node {
                    inputs: PortIndex(54)..PortIndex(56),
                    outputs: PortIndex(56)..PortIndex(58),
                },
                NodeIndex(13): Node {
                    inputs: PortIndex(58)..PortIndex(61),
                    outputs: PortIndex(61)..PortIndex(64),
                },
                NodeIndex(14): Node {
                    inputs: PortIndex(64)..PortIndex(67),
                    outputs: PortIndex(67)..PortIndex(70),
                },
            },
            ports: {
                PortIndex(0): Port {
                    node: NodeIndex(1),
                    direction: Outgoing,
                    link: PortIndex(30),
                },
                PortIndex(1): Port {
                    node: NodeIndex(1),
                    direction: Outgoing,
                    link: PortIndex(11),
                },
                PortIndex(2): Port {
                    node: NodeIndex(1),
                    direction: Outgoing,
                    link: PortIndex(58),
                },
                PortIndex(3): Port {
                    node: NodeIndex(1),
                    direction: Outgoing,
                    link: PortIndex(65),
                },
                PortIndex(4): Port {
                    node: NodeIndex(1),
                    direction: Outgoing,
                },
                PortIndex(5): Port {
                    node: NodeIndex(2),
                    direction: Incoming,
                    link: PortIndex(56),
                },
                PortIndex(6): Port {
                    node: NodeIndex(2),
                    direction: Incoming,
                    link: PortIndex(38),
                },
                PortIndex(7): Port {
                    node: NodeIndex(2),
                    direction: Incoming,
                    link: PortIndex(42),
                },
                PortIndex(8): Port {
                    node: NodeIndex(2),
                    direction: Incoming,
                    link: PortIndex(52),
                },
                PortIndex(9): Port {
                    node: NodeIndex(2),
                    direction: Incoming,
                },
                PortIndex(10): Port {
                    node: NodeIndex(3),
                    direction: Incoming,
                    link: PortIndex(33),
                },
                PortIndex(11): Port {
                    node: NodeIndex(3),
                    direction: Incoming,
                    link: PortIndex(1),
                },
                PortIndex(12): Port {
                    node: NodeIndex(3),
                    direction: Incoming,
                },
                PortIndex(13): Port {
                    node: NodeIndex(3),
                    direction: Outgoing,
                    link: PortIndex(54),
                },
                PortIndex(14): Port {
                    node: NodeIndex(3),
                    direction: Outgoing,
                    link: PortIndex(26),
                },
                PortIndex(15): Port {
                    node: NodeIndex(3),
                    direction: Outgoing,
                },
                PortIndex(16): Port {
                    node: NodeIndex(4),
                    direction: Incoming,
                    link: PortIndex(68),
                },
                PortIndex(17): Port {
                    node: NodeIndex(4),
                    direction: Incoming,
                },
                PortIndex(18): Port {
                    node: NodeIndex(4),
                    direction: Outgoing,
                    link: PortIndex(31),
                },
                PortIndex(19): Port {
                    node: NodeIndex(4),
                    direction: Outgoing,
                },
                PortIndex(26): Port {
                    node: NodeIndex(6),
                    direction: Incoming,
                    link: PortIndex(14),
                },
                PortIndex(27): Port {
                    node: NodeIndex(6),
                    direction: Incoming,
                },
                PortIndex(28): Port {
                    node: NodeIndex(6),
                    direction: Outgoing,
                    link: PortIndex(59),
                },
                PortIndex(29): Port {
                    node: NodeIndex(6),
                    direction: Outgoing,
                },
                PortIndex(30): Port {
                    node: NodeIndex(7),
                    direction: Incoming,
                    link: PortIndex(0),
                },
                PortIndex(31): Port {
                    node: NodeIndex(7),
                    direction: Incoming,
                    link: PortIndex(18),
                },
                PortIndex(32): Port {
                    node: NodeIndex(7),
                    direction: Incoming,
                },
                PortIndex(33): Port {
                    node: NodeIndex(7),
                    direction: Outgoing,
                    link: PortIndex(10),
                },
                PortIndex(34): Port {
                    node: NodeIndex(7),
                    direction: Outgoing,
                    link: PortIndex(50),
                },
                PortIndex(35): Port {
                    node: NodeIndex(7),
                    direction: Outgoing,
                },
                PortIndex(36): Port {
                    node: NodeIndex(8),
                    direction: Incoming,
                    link: PortIndex(62),
                },
                PortIndex(37): Port {
                    node: NodeIndex(8),
                    direction: Incoming,
                },
                PortIndex(38): Port {
                    node: NodeIndex(8),
                    direction: Outgoing,
                    link: PortIndex(6),
                },
                PortIndex(39): Port {
                    node: NodeIndex(8),
                    direction: Outgoing,
                },
                PortIndex(40): Port {
                    node: NodeIndex(9),
                    direction: Incoming,
                    link: PortIndex(67),
                },
                PortIndex(41): Port {
                    node: NodeIndex(9),
                    direction: Incoming,
                },
                PortIndex(42): Port {
                    node: NodeIndex(9),
                    direction: Outgoing,
                    link: PortIndex(7),
                },
                PortIndex(43): Port {
                    node: NodeIndex(9),
                    direction: Outgoing,
                },
                PortIndex(50): Port {
                    node: NodeIndex(11),
                    direction: Incoming,
                    link: PortIndex(34),
                },
                PortIndex(51): Port {
                    node: NodeIndex(11),
                    direction: Incoming,
                },
                PortIndex(52): Port {
                    node: NodeIndex(11),
                    direction: Outgoing,
                    link: PortIndex(8),
                },
                PortIndex(53): Port {
                    node: NodeIndex(11),
                    direction: Outgoing,
                },
                PortIndex(54): Port {
                    node: NodeIndex(12),
                    direction: Incoming,
                    link: PortIndex(13),
                },
                PortIndex(55): Port {
                    node: NodeIndex(12),
                    direction: Incoming,
                },
                PortIndex(56): Port {
                    node: NodeIndex(12),
                    direction: Outgoing,
                    link: PortIndex(5),
                },
                PortIndex(57): Port {
                    node: NodeIndex(12),
                    direction: Outgoing,
                },
                PortIndex(58): Port {
                    node: NodeIndex(13),
                    direction: Incoming,
                    link: PortIndex(2),
                },
                PortIndex(59): Port {
                    node: NodeIndex(13),
                    direction: Incoming,
                    link: PortIndex(28),
                },
                PortIndex(60): Port {
                    node: NodeIndex(13),
                    direction: Incoming,
                },
                PortIndex(61): Port {
                    node: NodeIndex(13),
                    direction: Outgoing,
                    link: PortIndex(64),
                },
                PortIndex(62): Port {
                    node: NodeIndex(13),
                    direction: Outgoing,
                    link: PortIndex(36),
                },
                PortIndex(63): Port {
                    node: NodeIndex(13),
                    direction: Outgoing,
                },
                PortIndex(64): Port {
                    node: NodeIndex(14),
                    direction: Incoming,
                    link: PortIndex(61),
                },
                PortIndex(65): Port {
                    node: NodeIndex(14),
                    direction: Incoming,
                    link: PortIndex(3),
                },
                PortIndex(66): Port {
                    node: NodeIndex(14),
                    direction: Incoming,
                },
                PortIndex(67): Port {
                    node: NodeIndex(14),
                    direction: Outgoing,
                    link: PortIndex(40),
                },
                PortIndex(68): Port {
                    node: NodeIndex(14),
                    direction: Outgoing,
                    link: PortIndex(16),
                },
                PortIndex(69): Port {
                    node: NodeIndex(14),
                    direction: Outgoing,
                },
            },
        },
        multiport: BitVec<usize, bitvec::order::Lsb0> {
            addr: 0x0000000000000008,
            head: 000000,
            bits: 0,
            capacity: 0,
        } [],
        copy_node: BitVec<usize, bitvec::order::Lsb0> {
            addr: 0x0000000000000008,
            head: 000000,
            bits: 0,
            capacity: 0,
        } [],
        copy_node_count: 0,
        subport_count: 0,
    },
    hierarchy: Hierarchy {
        data: UnmanagedDenseMap {
            data: [
                NodeData {
                    children: Some(
                        [
                            NodeIndex(1),
                            NodeIndex(12),
                        ],
                    ),
                    children_count: 12,
                    parent: None,
                    siblings: [
                        None,
                        None,
                    ],
                },
                NodeData {
                    children: None,
                    children_count: 0,
                    parent: Some(
                        NodeIndex(0),
                    ),
                    siblings: [
                        None,
                        Some(
                            NodeIndex(2),
                        ),
                    ],
                },
                NodeData {
                    children: None,
                    children_count: 0,
                    parent: Some(
                        NodeIndex(0),
                    ),
                    siblings: [
                        Some(
                            NodeIndex(1),
                        ),
                        Some(
                            NodeIndex(3),
                        ),
                    ],
                },
                NodeData {
                    children: None,
                    children_count: 0,
                    parent: Some(
                        NodeIndex(0),
                    ),
                    siblings: [
                        Some(
                            NodeIndex(2),
                        ),
                        Some(
                            NodeIndex(7),
                        ),
                    ],
                },
                NodeData {
                    children: None,
                    children_count: 0,
                    parent: Some(
                        NodeIndex(0),
                    ),
                    siblings: [
                        Some(
                            NodeIndex(13),
                        ),
                        Some(
                            NodeIndex(6),
                        ),
                    ],
                },
                NodeData {
                    children: None,
                    children_count: 0,
                    parent: None,
                    siblings: [
                        None,
                        None,
                    ],
                },
                NodeData {
                    children: None,
                    children_count: 0,
                    parent: Some(
                        NodeIndex(0),
                    ),
                    siblings: [
                        Some(
                            NodeIndex(4),
                        ),
                        Some(
                            NodeIndex(8),
                        ),
                    ],
                },
                NodeData {
                    children: None,
                    children_count: 0,
                    parent: Some(
                        NodeIndex(0),
                    ),
                    siblings: [
                        Some(
                            NodeIndex(3),
                        ),
                        Some(
                            NodeIndex(14),
                        ),
                    ],
                },
                NodeData {
                    children: None,
                    children_count: 0,
                    parent: Some(
                        NodeIndex(0),
                    ),
                    siblings: [
                        Some(
                            NodeIndex(6),
                        ),
                        Some(
                            NodeIndex(9),
                        ),
                    ],
                },
                NodeData {
                    children: None,
                    children_count: 0,
                    parent: Some(
                        NodeIndex(0),
                    ),
                    siblings: [
                        Some(
                            NodeIndex(8),
                        ),
                        Some(
                            NodeIndex(11),
                        ),
                    ],
                },
                NodeData {
                    children: None,
                    children_count: 0,
                    parent: None,
                    siblings: [
                        None,
                        None,
                    ],
                },
                NodeData {
                    children: None,
                    children_count: 0,
                    parent: Some(
                        NodeIndex(0),
                    ),
                    siblings: [
                        Some(
                            NodeIndex(9),
                        ),
                        Some(
                            NodeIndex(12),
                        ),
                    ],
                },
                NodeData {
                    children: None,
                    children_count: 0,
                    parent: Some(
                        NodeIndex(0),
                    ),
                    siblings: [
                        Some(
                            NodeIndex(11),
                        ),
                        None,
                    ],
                },
                NodeData {
                    children: None,
                    children_count: 0,
                    parent: Some(
                        NodeIndex(0),
                    ),
                    siblings: [
                        Some(
                            NodeIndex(14),
                        ),
                        Some(
                            NodeIndex(4),
                        ),
                    ],
                },
                NodeData {
                    children: None,
                    children_count: 0,
                    parent: Some(
                        NodeIndex(0),
                    ),
                    siblings: [
                        Some(
                            NodeIndex(7),
                        ),
                        Some(
                            NodeIndex(13),
                        ),
                    ],
                },
            ],
            phantom: PhantomData<portgraph::NodeIndex>,
            default: NodeData {
                children: None,
                children_count: 0,
                parent: None,
                siblings: [
                    None,
                    None,
                ],
            },
        },
    },
    root: NodeIndex(0),
    op_types: UnmanagedDenseMap {
        data: [
            NodeType {
                op: DFG(
                    DFG {
                        signature: FunctionType {
                            input: TypeRow {
                                types: [
                                    Type(
                                        Prim(
                                            Extension(
                                                CustomType {
                                                    extension: IdentList(
                                                        "prelude",
                                                    ),
                                                    id: "qubit",
                                                    args: [],
                                                    bound: Any,
                                                },
                                            ),
                                        ),
                                        Any,
                                    ),
                                    Type(
                                        Prim(
                                            Extension(
                                                CustomType {
                                                    extension: IdentList(
                                                        "prelude",
                                                    ),
                                                    id: "qubit",
                                                    args: [],
                                                    bound: Any,
                                                },
                                            ),
                                        ),
                                        Any,
                                    ),
                                    Type(
                                        Prim(
                                            Extension(
                                                CustomType {
                                                    extension: IdentList(
                                                        "prelude",
                                                    ),
                                                    id: "qubit",
                                                    args: [],
                                                    bound: Any,
                                                },
                                            ),
                                        ),
                                        Any,
                                    ),
                                    Type(
                                        Prim(
                                            Extension(
                                                CustomType {
                                                    extension: IdentList(
                                                        "prelude",
                                                    ),
                                                    id: "qubit",
                                                    args: [],
                                                    bound: Any,
                                                },
                                            ),
                                        ),
                                        Any,
                                    ),
                                ],
                            },
                            output: TypeRow {
                                types: [
                                    Type(
                                        Prim(
                                            Extension(
                                                CustomType {
                                                    extension: IdentList(
                                                        "prelude",
                                                    ),
                                                    id: "qubit",
                                                    args: [],
                                                    bound: Any,
                                                },
                                            ),
                                        ),
                                        Any,
                                    ),
                                    Type(
                                        Prim(
                                            Extension(
                                                CustomType {
                                                    extension: IdentList(
                                                        "prelude",
                                                    ),
                                                    id: "qubit",
                                                    args: [],
                                                    bound: Any,
                                                },
                                            ),
                                        ),
                                        Any,
                                    ),
                                    Type(
                                        Prim(
                                            Extension(
                                                CustomType {
                                                    extension: IdentList(
                                                        "prelude",
                                                    ),
                                                    id: "qubit",
                                                    args: [],
                                                    bound: Any,
                                                },
                                            ),
                                        ),
                                        Any,
                                    ),
                                    Type(
                                        Prim(
                                            Extension(
                                                CustomType {
                                                    extension: IdentList(
                                                        "prelude",
                                                    ),
                                                    id: "qubit",
                                                    args: [],
                                                    bound: Any,
                                                },
                                            ),
                                        ),
                                        Any,
                                    ),
                                ],
                            },
                            extension_reqs: ExtensionSet(
                                {},
                            ),
                        },
                    },
                ),
                input_extensions: None,
            },
            NodeType {
                op: Input(
                    Input {
                        types: TypeRow {
                            types: [
                                Type(
                                    Prim(
                                        Extension(
                                            CustomType {
                                                extension: IdentList(
                                                    "prelude",
                                                ),
                                                id: "qubit",
                                                args: [],
                                                bound: Any,
                                            },
                                        ),
                                    ),
                                    Any,
                                ),
                                Type(
                                    Prim(
                                        Extension(
                                            CustomType {
                                                extension: IdentList(
                                                    "prelude",
                                                ),
                                                id: "qubit",
                                                args: [],
                                                bound: Any,
                                            },
                                        ),
                                    ),
                                    Any,
                                ),
                                Type(
                                    Prim(
                                        Extension(
                                            CustomType {
                                                extension: IdentList(
                                                    "prelude",
                                                ),
                                                id: "qubit",
                                                args: [],
                                                bound: Any,
                                            },
                                        ),
                                    ),
                                    Any,
                                ),
                                Type(
                                    Prim(
                                        Extension(
                                            CustomType {
                                                extension: IdentList(
                                                    "prelude",
                                                ),
                                                id: "qubit",
                                                args: [],
                                                bound: Any,
                                            },
                                        ),
                                    ),
                                    Any,
                                ),
                            ],
                        },
                    },
                ),
                input_extensions: None,
            },
            NodeType {
                op: Output(
                    Output {
                        types: TypeRow {
                            types: [
                                Type(
                                    Prim(
                                        Extension(
                                            CustomType {
                                                extension: IdentList(
                                                    "prelude",
                                                ),
                                                id: "qubit",
                                                args: [],
                                                bound: Any,
                                            },
                                        ),
                                    ),
                                    Any,
                                ),
                                Type(
                                    Prim(
                                        Extension(
                                            CustomType {
                                                extension: IdentList(
                                                    "prelude",
                                                ),
                                                id: "qubit",
                                                args: [],
                                                bound: Any,
                                            },
                                        ),
                                    ),
                                    Any,
                                ),
                                Type(
                                    Prim(
                                        Extension(
                                            CustomType {
                                                extension: IdentList(
                                                    "prelude",
                                                ),
                                                id: "qubit",
                                                args: [],
                                                bound: Any,
                                            },
                                        ),
                                    ),
                                    Any,
                                ),
                                Type(
                                    Prim(
                                        Extension(
                                            CustomType {
                                                extension: IdentList(
                                                    "prelude",
                                                ),
                                                id: "qubit",
                                                args: [],
                                                bound: Any,
                                            },
                                        ),
                                    ),
                                    Any,
                                ),
                            ],
                        },
                    },
                ),
                input_extensions: None,
            },
            NodeType {
                op: LeafOp(
                    CustomOp(
                        Extension(
                            ExtensionOp {
                                def: OpDef {
                                    extension: IdentList(
                                        "quantum.tket2",
                                    ),
                                    name: "CX",
                                    description: "TKET 2 quantum op: CX",
                                    misc: {
                                        "commutation": Sequence [
                                            Sequence [
                                                Number(0),
                                                String("Z"),
                                            ],
                                            Sequence [
                                                Number(1),
                                                String("X"),
                                            ],
                                        ],
                                    },
                                    signature_func: <custom sig>,
                                    lower_funcs: [],
                                },
                                args: [],
                                signature: FunctionType {
                                    input: TypeRow {
                                        types: [
                                            Type(
                                                Prim(
                                                    Extension(
                                                        CustomType {
                                                            extension: IdentList(
                                                                "prelude",
                                                            ),
                                                            id: "qubit",
                                                            args: [],
                                                            bound: Any,
                                                        },
                                                    ),
                                                ),
                                                Any,
                                            ),
                                            Type(
                                                Prim(
                                                    Extension(
                                                        CustomType {
                                                            extension: IdentList(
                                                                "prelude",
                                                            ),
                                                            id: "qubit",
                                                            args: [],
                                                            bound: Any,
                                                        },
                                                    ),
                                                ),
                                                Any,
                                            ),
                                        ],
                                    },
                                    output: TypeRow {
                                        types: [
                                            Type(
                                                Prim(
                                                    Extension(
                                                        CustomType {
                                                            extension: IdentList(
                                                                "prelude",
                                                            ),
                                                            id: "qubit",
                                                            args: [],
                                                            bound: Any,
                                                        },
                                                    ),
                                                ),
                                                Any,
                                            ),
                                            Type(
                                                Prim(
                                                    Extension(
                                                        CustomType {
                                                            extension: IdentList(
                                                                "prelude",
                                                            ),
                                                            id: "qubit",
                                                            args: [],
                                                            bound: Any,
                                                        },
                                                    ),
                                                ),
                                                Any,
                                            ),
                                        ],
                                    },
                                    extension_reqs: ExtensionSet(
                                        {},
                                    ),
                                },
                            },
                        ),
                    ),
                ),
                input_extensions: None,
            },
            NodeType {
                op: LeafOp(
                    CustomOp(
                        Extension(
                            ExtensionOp {
                                def: OpDef {
                                    extension: IdentList(
                                        "quantum.tket2",
                                    ),
                                    name: "H",
                                    description: "TKET 2 quantum op: H",
                                    misc: {
                                        "commutation": Sequence [],
                                    },
                                    signature_func: <custom sig>,
                                    lower_funcs: [],
                                },
                                args: [],
                                signature: FunctionType {
                                    input: TypeRow {
                                        types: [
                                            Type(
                                                Prim(
                                                    Extension(
                                                        CustomType {
                                                            extension: IdentList(
                                                                "prelude",
                                                            ),
                                                            id: "qubit",
                                                            args: [],
                                                            bound: Any,
                                                        },
                                                    ),
                                                ),
                                                Any,
                                            ),
                                        ],
                                    },
                                    output: TypeRow {
                                        types: [
                                            Type(
                                                Prim(
                                                    Extension(
                                                        CustomType {
                                                            extension: IdentList(
                                                                "prelude",
                                                            ),
                                                            id: "qubit",
                                                            args: [],
                                                            bound: Any,
                                                        },
                                                    ),
                                                ),
                                                Any,
                                            ),
                                        ],
                                    },
                                    extension_reqs: ExtensionSet(
                                        {},
                                    ),
                                },
                            },
                        ),
                    ),
                ),
                input_extensions: None,
            },
            NodeType {
                op: Module(
                    Module,
                ),
                input_extensions: None,
            },
            NodeType {
                op: LeafOp(
                    CustomOp(
                        Extension(
                            ExtensionOp {
                                def: OpDef {
                                    extension: IdentList(
                                        "quantum.tket2",
                                    ),
                                    name: "H",
                                    description: "TKET 2 quantum op: H",
                                    misc: {
                                        "commutation": Sequence [],
                                    },
                                    signature_func: <custom sig>,
                                    lower_funcs: [],
                                },
                                args: [],
                                signature: FunctionType {
                                    input: TypeRow {
                                        types: [
                                            Type(
                                                Prim(
                                                    Extension(
                                                        CustomType {
                                                            extension: IdentList(
                                                                "prelude",
                                                            ),
                                                            id: "qubit",
                                                            args: [],
                                                            bound: Any,
                                                        },
                                                    ),
                                                ),
                                                Any,
                                            ),
                                        ],
                                    },
                                    output: TypeRow {
                                        types: [
                                            Type(
                                                Prim(
                                                    Extension(
                                                        CustomType {
                                                            extension: IdentList(
                                                                "prelude",
                                                            ),
                                                            id: "qubit",
                                                            args: [],
                                                            bound: Any,
                                                        },
                                                    ),
                                                ),
                                                Any,
                                            ),
                                        ],
                                    },
                                    extension_reqs: ExtensionSet(
                                        {},
                                    ),
                                },
                            },
                        ),
                    ),
                ),
                input_extensions: None,
            },
            NodeType {
                op: LeafOp(
                    CustomOp(
                        Extension(
                            ExtensionOp {
                                def: OpDef {
                                    extension: IdentList(
                                        "quantum.tket2",
                                    ),
                                    name: "CX",
                                    description: "TKET 2 quantum op: CX",
                                    misc: {
                                        "commutation": Sequence [
                                            Sequence [
                                                Number(0),
                                                String("Z"),
                                            ],
                                            Sequence [
                                                Number(1),
                                                String("X"),
                                            ],
                                        ],
                                    },
                                    signature_func: <custom sig>,
                                    lower_funcs: [],
                                },
                                args: [],
                                signature: FunctionType {
                                    input: TypeRow {
                                        types: [
                                            Type(
                                                Prim(
                                                    Extension(
                                                        CustomType {
                                                            extension: IdentList(
                                                                "prelude",
                                                            ),
                                                            id: "qubit",
                                                            args: [],
                                                            bound: Any,
                                                        },
                                                    ),
                                                ),
                                                Any,
                                            ),
                                            Type(
                                                Prim(
                                                    Extension(
                                                        CustomType {
                                                            extension: IdentList(
                                                                "prelude",
                                                            ),
                                                            id: "qubit",
                                                            args: [],
                                                            bound: Any,
                                                        },
                                                    ),
                                                ),
                                                Any,
                                            ),
                                        ],
                                    },
                                    output: TypeRow {
                                        types: [
                                            Type(
                                                Prim(
                                                    Extension(
                                                        CustomType {
                                                            extension: IdentList(
                                                                "prelude",
                                                            ),
                                                            id: "qubit",
                                                            args: [],
                                                            bound: Any,
                                                        },
                                                    ),
                                                ),
                                                Any,
                                            ),
                                            Type(
                                                Prim(
                                                    Extension(
                                                        CustomType {
                                                            extension: IdentList(
                                                                "prelude",
                                                            ),
                                                            id: "qubit",
                                                            args: [],
                                                            bound: Any,
                                                        },
                                                    ),
                                                ),
                                                Any,
                                            ),
                                        ],
                                    },
                                    extension_reqs: ExtensionSet(
                                        {},
                                    ),
                                },
                            },
                        ),
                    ),
                ),
                input_extensions: None,
            },
            NodeType {
                op: LeafOp(
                    CustomOp(
                        Extension(
                            ExtensionOp {
                                def: OpDef {
                                    extension: IdentList(
                                        "quantum.tket2",
                                    ),
                                    name: "H",
                                    description: "TKET 2 quantum op: H",
                                    misc: {
                                        "commutation": Sequence [],
                                    },
                                    signature_func: <custom sig>,
                                    lower_funcs: [],
                                },
                                args: [],
                                signature: FunctionType {
                                    input: TypeRow {
                                        types: [
                                            Type(
                                                Prim(
                                                    Extension(
                                                        CustomType {
                                                            extension: IdentList(
                                                                "prelude",
                                                            ),
                                                            id: "qubit",
                                                            args: [],
                                                            bound: Any,
                                                        },
                                                    ),
                                                ),
                                                Any,
                                            ),
                                        ],
                                    },
                                    output: TypeRow {
                                        types: [
                                            Type(
                                                Prim(
                                                    Extension(
                                                        CustomType {
                                                            extension: IdentList(
                                                                "prelude",
                                                            ),
                                                            id: "qubit",
                                                            args: [],
                                                            bound: Any,
                                                        },
                                                    ),
                                                ),
                                                Any,
                                            ),
                                        ],
                                    },
                                    extension_reqs: ExtensionSet(
                                        {},
                                    ),
                                },
                            },
                        ),
                    ),
                ),
                input_extensions: None,
            },
            NodeType {
                op: LeafOp(
                    CustomOp(
                        Extension(
                            ExtensionOp {
                                def: OpDef {
                                    extension: IdentList(
                                        "quantum.tket2",
                                    ),
                                    name: "H",
                                    description: "TKET 2 quantum op: H",
                                    misc: {
                                        "commutation": Sequence [],
                                    },
                                    signature_func: <custom sig>,
                                    lower_funcs: [],
                                },
                                args: [],
                                signature: FunctionType {
                                    input: TypeRow {
                                        types: [
                                            Type(
                                                Prim(
                                                    Extension(
                                                        CustomType {
                                                            extension: IdentList(
                                                                "prelude",
                                                            ),
                                                            id: "qubit",
                                                            args: [],
                                                            bound: Any,
                                                        },
                                                    ),
                                                ),
                                                Any,
                                            ),
                                        ],
                                    },
                                    output: TypeRow {
                                        types: [
                                            Type(
                                                Prim(
                                                    Extension(
                                                        CustomType {
                                                            extension: IdentList(
                                                                "prelude",
                                                            ),
                                                            id: "qubit",
                                                            args: [],
                                                            bound: Any,
                                                        },
                                                    ),
                                                ),
                                                Any,
                                            ),
                                        ],
                                    },
                                    extension_reqs: ExtensionSet(
                                        {},
                                    ),
                                },
                            },
                        ),
                    ),
                ),
                input_extensions: None,
            },
            NodeType {
                op: Module(
                    Module,
                ),
                input_extensions: None,
            },
            NodeType {
                op: LeafOp(
                    CustomOp(
                        Extension(
                            ExtensionOp {
                                def: OpDef {
                                    extension: IdentList(
                                        "quantum.tket2",
                                    ),
                                    name: "H",
                                    description: "TKET 2 quantum op: H",
                                    misc: {
                                        "commutation": Sequence [],
                                    },
                                    signature_func: <custom sig>,
                                    lower_funcs: [],
                                },
                                args: [],
                                signature: FunctionType {
                                    input: TypeRow {
                                        types: [
                                            Type(
                                                Prim(
                                                    Extension(
                                                        CustomType {
                                                            extension: IdentList(
                                                                "prelude",
                                                            ),
                                                            id: "qubit",
                                                            args: [],
                                                            bound: Any,
                                                        },
                                                    ),
                                                ),
                                                Any,
                                            ),
                                        ],
                                    },
                                    output: TypeRow {
                                        types: [
                                            Type(
                                                Prim(
                                                    Extension(
                                                        CustomType {
                                                            extension: IdentList(
                                                                "prelude",
                                                            ),
                                                            id: "qubit",
                                                            args: [],
                                                            bound: Any,
                                                        },
                                                    ),
                                                ),
                                                Any,
                                            ),
                                        ],
                                    },
                                    extension_reqs: ExtensionSet(
                                        {},
                                    ),
                                },
                            },
                        ),
                    ),
                ),
                input_extensions: None,
            },
            NodeType {
                op: LeafOp(
                    CustomOp(
                        Extension(
                            ExtensionOp {
                                def: OpDef {
                                    extension: IdentList(
                                        "quantum.tket2",
                                    ),
                                    name: "H",
                                    description: "TKET 2 quantum op: H",
                                    misc: {
                                        "commutation": Sequence [],
                                    },
                                    signature_func: <custom sig>,
                                    lower_funcs: [],
                                },
                                args: [],
                                signature: FunctionType {
                                    input: TypeRow {
                                        types: [
                                            Type(
                                                Prim(
                                                    Extension(
                                                        CustomType {
                                                            extension: IdentList(
                                                                "prelude",
                                                            ),
                                                            id: "qubit",
                                                            args: [],
                                                            bound: Any,
                                                        },
                                                    ),
                                                ),
                                                Any,
                                            ),
                                        ],
                                    },
                                    output: TypeRow {
                                        types: [
                                            Type(
                                                Prim(
                                                    Extension(
                                                        CustomType {
                                                            extension: IdentList(
                                                                "prelude",
                                                            ),
                                                            id: "qubit",
                                                            args: [],
                                                            bound: Any,
                                                        },
                                                    ),
                                                ),
                                                Any,
                                            ),
                                        ],
                                    },
                                    extension_reqs: ExtensionSet(
                                        {},
                                    ),
                                },
                            },
                        ),
                    ),
                ),
                input_extensions: None,
            },
            NodeType {
                op: LeafOp(
                    CustomOp(
                        Extension(
                            ExtensionOp {
                                def: OpDef {
                                    extension: IdentList(
                                        "quantum.tket2",
                                    ),
                                    name: "CX",
                                    description: "TKET 2 quantum op: CX",
                                    misc: {
                                        "commutation": Sequence [
                                            Sequence [
                                                Number(0),
                                                String("Z"),
                                            ],
                                            Sequence [
                                                Number(1),
                                                String("X"),
                                            ],
                                        ],
                                    },
                                    signature_func: <custom sig>,
                                    lower_funcs: [],
                                },
                                args: [],
                                signature: FunctionType {
                                    input: TypeRow {
                                        types: [
                                            Type(
                                                Prim(
                                                    Extension(
                                                        CustomType {
                                                            extension: IdentList(
                                                                "prelude",
                                                            ),
                                                            id: "qubit",
                                                            args: [],
                                                            bound: Any,
                                                        },
                                                    ),
                                                ),
                                                Any,
                                            ),
                                            Type(
                                                Prim(
                                                    Extension(
                                                        CustomType {
                                                            extension: IdentList(
                                                                "prelude",
                                                            ),
                                                            id: "qubit",
                                                            args: [],
                                                            bound: Any,
                                                        },
                                                    ),
                                                ),
                                                Any,
                                            ),
                                        ],
                                    },
                                    output: TypeRow {
                                        types: [
                                            Type(
                                                Prim(
                                                    Extension(
                                                        CustomType {
                                                            extension: IdentList(
                                                                "prelude",
                                                            ),
                                                            id: "qubit",
                                                            args: [],
                                                            bound: Any,
                                                        },
                                                    ),
                                                ),
                                                Any,
                                            ),
                                            Type(
                                                Prim(
                                                    Extension(
                                                        CustomType {
                                                            extension: IdentList(
                                                                "prelude",
                                                            ),
                                                            id: "qubit",
                                                            args: [],
                                                            bound: Any,
                                                        },
                                                    ),
                                                ),
                                                Any,
                                            ),
                                        ],
                                    },
                                    extension_reqs: ExtensionSet(
                                        {},
                                    ),
                                },
                            },
                        ),
                    ),
                ),
                input_extensions: None,
            },
            NodeType {
                op: LeafOp(
                    CustomOp(
                        Extension(
                            ExtensionOp {
                                def: OpDef {
                                    extension: IdentList(
                                        "quantum.tket2",
                                    ),
                                    name: "CX",
                                    description: "TKET 2 quantum op: CX",
                                    misc: {
                                        "commutation": Sequence [
                                            Sequence [
                                                Number(0),
                                                String("Z"),
                                            ],
                                            Sequence [
                                                Number(1),
                                                String("X"),
                                            ],
                                        ],
                                    },
                                    signature_func: <custom sig>,
                                    lower_funcs: [],
                                },
                                args: [],
                                signature: FunctionType {
                                    input: TypeRow {
                                        types: [
                                            Type(
                                                Prim(
                                                    Extension(
                                                        CustomType {
                                                            extension: IdentList(
                                                                "prelude",
                                                            ),
                                                            id: "qubit",
                                                            args: [],
                                                            bound: Any,
                                                        },
                                                    ),
                                                ),
                                                Any,
                                            ),
                                            Type(
                                                Prim(
                                                    Extension(
                                                        CustomType {
                                                            extension: IdentList(
                                                                "prelude",
                                                            ),
                                                            id: "qubit",
                                                            args: [],
                                                            bound: Any,
                                                        },
                                                    ),
                                                ),
                                                Any,
                                            ),
                                        ],
                                    },
                                    output: TypeRow {
                                        types: [
                                            Type(
                                                Prim(
                                                    Extension(
                                                        CustomType {
                                                            extension: IdentList(
                                                                "prelude",
                                                            ),
                                                            id: "qubit",
                                                            args: [],
                                                            bound: Any,
                                                        },
                                                    ),
                                                ),
                                                Any,
                                            ),
                                            Type(
                                                Prim(
                                                    Extension(
                                                        CustomType {
                                                            extension: IdentList(
                                                                "prelude",
                                                            ),
                                                            id: "qubit",
                                                            args: [],
                                                            bound: Any,
                                                        },
                                                    ),
                                                ),
                                                Any,
                                            ),
                                        ],
                                    },
                                    extension_reqs: ExtensionSet(
                                        {},
                                    ),
                                },
                            },
                        ),
                    ),
                ),
                input_extensions: None,
            },
        ],
        phantom: PhantomData<portgraph::NodeIndex>,
        default: NodeType {
            op: Module(
                Module,
            ),
            input_extensions: None,
        },
    },
    metadata: UnmanagedDenseMap {
        data: [
            Some(
                {
                    "TKET1_JSON.bit_registers": Array [],
                    "TKET1_JSON.implicit_permutation": Array [
                        Array [
                            Array [
                                String("q"),
                                Array [
                                    Number(0),
                                ],
                            ],
                            Array [
                                String("q"),
                                Array [
                                    Number(0),
                                ],
                            ],
                        ],
                        Array [
                            Array [
                                String("q"),
                                Array [
                                    Number(1),
                                ],
                            ],
                            Array [
                                String("q"),
                                Array [
                                    Number(1),
                                ],
                            ],
                        ],
                        Array [
                            Array [
                                String("q"),
                                Array [
                                    Number(2),
                                ],
                            ],
                            Array [
                                String("q"),
                                Array [
                                    Number(2),
                                ],
                            ],
                        ],
                        Array [
                            Array [
                                String("q"),
                                Array [
                                    Number(3),
                                ],
                            ],
                            Array [
                                String("q"),
                                Array [
                                    Number(3),
                                ],
                            ],
                        ],
                    ],
                    "TKET1_JSON.phase": String("0.0"),
                    "TKET1_JSON.qubit_registers": Array [
                        Array [
                            String("q"),
                            Array [
                                Number(0),
                            ],
                        ],
                        Array [
                            String("q"),
                            Array [
                                Number(1),
                            ],
                        ],
                        Array [
                            String("q"),
                            Array [
                                Number(2),
                            ],
                        ],
                        Array [
                            String("q"),
                            Array [
                                Number(3),
                            ],
                        ],
                    ],
                    "name": Null,
                },
            ),
            None,
            None,
            None,
            None,
            None,
            None,
            None,
            None,
            None,
            None,
            None,
            None,
            None,
            None,
        ],
        phantom: PhantomData<portgraph::NodeIndex>,
        default: None,
    },
}
