Failed after depth reduce
Circuit stats:
   8 qubits
   8 2qb gates
   64 gates
Original unitary:

[[-0.0242187 -0.01036066j  0.00775137-0.02762814j  0.00775137-0.02762814j
  ...  0.09728227+0.10321623j  0.09728227+0.10321623j
  -0.07786984+0.18091143j]
 [ 0.01688402-0.01371523j -0.00949793-0.01592038j  0.01384103+0.02149724j
  ...  0.00319454-0.08001274j -0.02667098+0.16308134j
   0.09031129-0.02180614j]
 [ 0.01688402-0.01371523j  0.01384103+0.02149724j -0.00949793-0.01592038j
  ... -0.02667098+0.16308134j  0.00319454-0.08001274j
   0.09031129-0.02180614j]
 ...
 [ 0.01688402-0.01371523j -0.01384103-0.02149724j  0.00949793+0.01592038j
  ...  0.02667098-0.16308134j -0.00319454+0.08001274j
   0.09031129-0.02180614j]
 [ 0.01688402-0.01371523j  0.00949793+0.01592038j -0.01384103-0.02149724j
  ... -0.00319454+0.08001274j  0.02667098-0.16308134j
   0.09031129-0.02180614j]
 [-0.0242187 -0.01036066j -0.00775137+0.02762814j -0.00775137+0.02762814j
  ... -0.09728227-0.10321623j -0.09728227-0.10321623j
  -0.07786984+0.18091143j]]
New unitary:

[[-0.06622448-0.02833057j  0.00114309+0.0720208j   0.00114309+0.0720208j
  ...  0.03901582-0.03319584j  0.03901582-0.03319584j
  -0.04622222-0.02208402j]
 [-0.07029506+0.00608362j -0.03422502-0.06170132j  0.03422502+0.06170132j
  ... -0.0108799 -0.05211259j  0.0108799 +0.05211259j
  -0.04314371+0.03118838j]
 [-0.06622448-0.02833057j  0.00114309+0.0720208j  -0.00114309-0.0720208j
  ...  0.03901582-0.03319584j -0.03901582+0.03319584j
   0.04622222+0.02208402j]
 ...
 [-0.03003913-0.06546719j  0.04752282-0.0541284j  -0.04752282+0.0541284j
  ...  0.05120167+0.00160831j -0.05120167-0.00160831j
  -0.01941455-0.04740541j]
 [-0.05616789-0.04270332j -0.01608155+0.06870072j  0.01608155-0.06870072j
  ...  0.02693824-0.0459176j  -0.02693824+0.0459176j
   0.05291183+0.00586797j]
 [-0.03003913-0.06546719j  0.04752282-0.0541284j   0.04752282-0.0541284j
  ...  0.05120167+0.00160831j  0.05120167+0.00160831j
   0.01941455+0.04740541j]]