Failed after depth reduce
Circuit stats:
   5 qubits
   34 2qb gates
   126 gates
Original unitary:

[[-0.02227374+0.13769157j -0.03005432+0.16319218j  0.24201804-0.01853777j
  ...  0.01504287-0.05146029j -0.16550373+0.04273817j
   0.107944  -0.05564601j]
 [-0.15909996-0.07557849j -0.26518159+0.08661526j -0.04451189+0.14870371j
  ...  0.1004041 +0.12479745j -0.08386085-0.06116034j
   0.05922425+0.02364628j]
 [ 0.03965316-0.15586372j -0.09239648+0.08486652j -0.07703899+0.01676833j
  ... -0.08673148-0.34007901j  0.18942071+0.05058516j
   0.18467521-0.19501038j]
 ...
 [-0.22356793+0.11351445j -0.16607816-0.04683999j -0.14439566-0.27201328j
  ... -0.07814966+0.05122618j  0.08136803+0.00324822j
  -0.07432578-0.03069057j]
 [ 0.05017881-0.06712153j -0.04541403+0.14076438j  0.1166737 -0.09999373j
  ...  0.14082799-0.10696912j -0.24043589+0.18370429j
  -0.16205807-0.08797873j]
 [-0.10588451-0.0817291j  -0.03611885+0.18729132j -0.11774481+0.04634553j
  ... -0.22802468-0.05066078j -0.00503561+0.14685227j
   0.04081268+0.19704616j]]
New unitary:

[[-0.03476242+0.21489394j -0.22283763-0.01141271j -0.20142561+0.05641776j
  ... -0.21606598+0.03831414j  0.22030881-0.00673775j
  -0.0519815 +0.21948299j]
 [-0.17608879-0.09469885j  0.05868435+0.18774282j -0.09138539-0.18652517j
  ...  0.10263501+0.16028975j  0.03751656+0.20459832j
   0.18733773+0.08033824j]
 [-0.11151655-0.13493219j  0.05113593+0.16895837j -0.11313114-0.12058648j
  ... -0.09217745-0.14564937j -0.06474008-0.13837627j
  -0.08609131-0.12652488j]
 ...
 [ 0.09469885-0.17608879j -0.18774282+0.05868435j -0.18652517+0.09138539j
  ... -0.16028975+0.10263501j  0.20459832-0.03751656j
   0.08033824-0.18733773j]
 [ 0.13493219-0.11151655j -0.16895837+0.05113593j -0.12058648+0.11313114j
  ...  0.14564937-0.09217745j -0.13837627+0.06474008j
  -0.12652488+0.08609131j]
 [ 0.00877512-0.11133357j -0.10221023-0.05238769j  0.1186439 +0.06094756j
  ...  0.1323946 +0.03025729j  0.09524709+0.08724522j
  -0.02078518-0.12974133j]]