Failed after depth reduce
Circuit stats:
   6 qubits
   14 2qb gates
   53 gates
Original unitary:

[[ 0.00169469-0.08500879j -0.06237538-0.09373147j -0.06293079+0.10545039j
  ... -0.00730668+0.07611885j  0.09308697+0.01582746j
  -0.06589368+0.00875504j]
 [ 0.11521855+0.05733076j  0.00203026+0.02167842j -0.06290265-0.00376574j
  ...  0.03671796+0.01137537j  0.07712811+0.08102961j
   0.11342654+0.07035467j]
 [ 0.01805478-0.05841411j -0.0525669 +0.07073166j  0.05771477-0.02293806j
  ... -0.04457608+0.01858289j -0.00471931+0.06925233j
   0.02509032+0.06723836j]
 ...
 [ 0.05044516+0.04405279j -0.03314215+0.05619603j -0.12092864-0.02882719j
  ... -0.04087898-0.01807092j  0.03047222-0.05682231j
  -0.05063271+0.04183621j]
 [ 0.08984138+0.04486424j  0.02010007-0.01170826j  0.07199153+0.01792826j
  ...  0.11475844+0.03247686j -0.10131626-0.06319689j
   0.13463192-0.04748866j]
 [-0.10205422-0.03765047j  0.15914747+0.04926205j -0.04808686+0.10174101j
  ... -0.05881982-0.01204803j  0.01162316-0.04208156j
   0.01238031-0.02821409j]]
New unitary:

[[ 0.00625657-0.31384172j -0.14844705-0.00295935j  0.14844705+0.00295935j
  ...  0.        -0.j          0.        -0.j
   0.        -0.j        ]
 [ 0.        -0.j          0.        -0.j          0.        -0.j
  ...  0.14844705+0.00295935j  0.14844705+0.00295935j
  -0.00625657+0.31384172j]
 [ 0.00295935-0.14844705j -0.31384172-0.00625657j  0.31384172+0.00625657j
  ...  0.        -0.j          0.        -0.j
   0.        -0.j        ]
 ...
 [ 0.00689557-0.34589519j  0.02982732+0.00059462j  0.02982732+0.00059462j
  ...  0.        -0.j          0.        -0.j
   0.        -0.j        ]
 [ 0.        -0.j          0.        -0.j          0.        -0.j
  ...  0.34589519+0.00689557j -0.34589519-0.00689557j
  -0.00059462+0.02982732j]
 [-0.00059462+0.02982732j -0.34589519-0.00689557j -0.34589519-0.00689557j
  ...  0.        -0.j          0.        -0.j
   0.        -0.j        ]]