Failed after depth reduce
Circuit stats:
   8 qubits
   92 2qb gates
   261 gates
Original unitary:

[[ 0.05746818+0.0621075j   0.02848502+0.00853753j -0.04513089-0.03877956j
  ... -0.00224883+0.01091975j -0.01459333-0.00874962j
  -0.0763499 +0.02570845j]
 [ 0.0026592 +0.04545899j  0.0603919 -0.01022721j -0.04104377-0.04183149j
  ...  0.01927987-0.02583713j  0.08137383+0.11651219j
   0.00062206-0.03183049j]
 [-0.04446476-0.01619846j -0.0254724 +0.05600094j -0.06980767+0.02909376j
  ...  0.11623273+0.06135176j  0.05950784+0.08872735j
   0.00654276+0.0084753j ]
 ...
 [ 0.01463706+0.01001435j  0.03442311+0.0328802j  -0.00687853-0.04276054j
  ...  0.10023976+0.09423502j -0.05620957-0.00761672j
   0.01066942+0.0177631j ]
 [-0.00150855-0.03192681j  0.01022552+0.00551084j -0.01032547-0.04164233j
  ...  0.06179115+0.11524311j  0.06769975+0.02175891j
  -0.05665371-0.03269668j]
 [ 0.15470606+0.06274402j -0.04349385+0.0069867j   0.0338727 +0.00588635j
  ...  0.01898216+0.00427703j -0.00294286+0.05015471j
  -0.01293674-0.02227493j]]
New unitary:

[[ 0.01005015+0.01086148j  0.03332952+0.05278028j  0.0007266 -0.00414616j
  ...  0.06765323-0.00998456j  0.03944003+0.03837432j
   0.05503393-0.02620958j]
 [-0.06224979+0.03062598j -0.06550203-0.03269993j  0.08849212+0.01452613j
  ... -0.08976039-0.05581984j  0.04699737-0.01562559j
  -0.04479047+0.08337933j]
 [-0.02457556+0.05168348j  0.01138687+0.04676163j  0.06322867+0.02903076j
  ...  0.02729393-0.02706614j -0.07274757-0.03491395j
   0.03622689+0.0317152j ]
 ...
 [-0.02876193+0.04593429j -0.0273838 -0.06493677j -0.03982186-0.03217357j
  ... -0.05422971-0.04963902j -0.00721345+0.01069789j
   0.03881028-0.0393632j ]
 [ 0.07305261-0.0112117j  -0.06301184-0.05070104j  0.06438175+0.01403226j
  ...  0.01395772+0.01547795j -0.07154928-0.06052213j
  -0.02535173-0.00053142j]
 [ 0.04396668-0.06462923j  0.04177663-0.03102884j  0.04777607+0.06053282j
  ... -0.04231024+0.01405559j -0.06458819-0.01742763j
   0.05393829-0.01202395j]]