Failed after depth reduce
Circuit stats:
   8 qubits
   59 2qb gates
   192 gates
Original unitary:

[[ 0.03430289+0.0129514j  -0.00585714-0.11336011j  0.02329902+0.01445744j
  ...  0.05756831-0.07292506j  0.04590577-0.04112517j
  -0.02190855+0.02203431j]
 [-0.03538228+0.02656531j  0.02240456-0.00052576j  0.04087926+0.03090072j
  ...  0.01169971+0.08599007j  0.02741329+0.07782878j
   0.10108045+0.0342063j ]
 [ 0.05609737+0.03256722j -0.02809129+0.04306647j  0.01489633+0.05313167j
  ... -0.00366431+0.02549267j  0.01668646-0.01306096j
   0.00287176+0.01571267j]
 ...
 [-0.08140877+0.03704948j -0.01441143-0.05500984j  0.03953035+0.00094344j
  ... -0.07837664-0.08177018j  0.04000622+0.01414171j
  -0.06189909-0.02555031j]
 [-0.08135984-0.01966547j -0.03892737-0.00673381j  0.00676625+0.07484122j
  ... -0.01915653-0.04219722j  0.02139087+0.03005854j
   0.0303665 +0.01649669j]
 [-0.02887595+0.02770169j  0.01943036+0.04050369j  0.00788845+0.01864843j
  ...  0.00424721+0.07900116j -0.06955213-0.07726659j
  -0.0404427 +0.04600745j]]
New unitary:

[[ 0.06475972+0.02445068j  0.06265241-0.09451787j  0.00309618+0.0371723j
  ... -0.05682608+0.04676698j -0.01123858+0.01969158j
   0.03973174+0.00699345j]
 [ 0.07162725+0.00138722j -0.00980925-0.04141137j  0.05265691+0.09556273j
  ... -0.01429196+0.02004043j  0.02340306+0.0706944j
   0.04397269-0.00410017j]
 [ 0.09742997-0.06006837j -0.04908495-0.04684175j  0.00971591-0.0619852j
  ... -0.00139293-0.04448714j -0.0094251 +0.04406164j
   0.02196943+0.00962217j]
 ...
 [-0.00201848+0.0339855j   0.02102329-0.00354049j -0.05687239+0.04397906j
  ... -0.03385074-0.01729551j -0.09861991+0.03560581j
   0.0050381 +0.06546822j]
 [-0.03996566-0.05547049j -0.02815548+0.0322017j  -0.04058668+0.00249147j
  ... -0.06442996+0.00928157j  0.0508011 +0.02108287j
   0.02403741-0.03068085j]
 [ 0.00347472+0.02419391j  0.03814312+0.00498865j  0.03877915+0.01669424j
  ...  0.05102474+0.01414292j -0.02600913-0.06570233j
  -0.09335098+0.06154033j]]